f:\visual\projekt3\projekt3\x64\debug\router.obj
f:\visual\projekt3\projekt3\x64\debug\moc_projekt3.obj
f:\visual\projekt3\projekt3\x64\debug\routerzmodememlte.obj
f:\visual\projekt3\projekt3\x64\debug\moc_okno2.obj
f:\visual\projekt3\projekt3\x64\debug\antena.obj
f:\visual\projekt3\projekt3\x64\debug\urzadzenie.obj
f:\visual\projekt3\projekt3\x64\debug\parametry.obj
f:\visual\projekt3\projekt3\x64\debug\urzadzenietelekomunikacyjne.obj
f:\visual\projekt3\projekt3\x64\debug\telefon.obj
f:\visual\projekt3\projekt3\x64\debug\qrc_projekt3.obj
f:\visual\projekt3\projekt3\x64\debug\main.obj
f:\visual\projekt3\projekt3\x64\debug\okno2.obj
f:\visual\projekt3\projekt3\x64\debug\projekt3.obj
f:\visual\projekt3\projekt3\x64\debug\vc141.pdb
f:\visual\projekt3\x64\debug\projekt3.exe
f:\visual\projekt3\x64\debug\projekt3.ilk
f:\visual\projekt3\x64\debug\projekt3.pdb
f:\visual\projekt3\projekt3\generatedfiles\debug\moc_projekt3.cpp
f:\visual\projekt3\projekt3\generatedfiles\debug\moc_okno2.cpp
f:\visual\projekt3\projekt3\generatedfiles\qrc_projekt3.cpp
f:\visual\projekt3\projekt3\generatedfiles\ui_okno2.h
f:\visual\projekt3\projekt3\generatedfiles\ui_projekt3.h
f:\visual\projekt3\projekt3\x64\debug\projekt3.tlog\cl.command.1.tlog
f:\visual\projekt3\projekt3\x64\debug\projekt3.tlog\cl.read.1.tlog
f:\visual\projekt3\projekt3\x64\debug\projekt3.tlog\cl.write.1.tlog
f:\visual\projekt3\projekt3\x64\debug\projekt3.tlog\link.command.1.tlog
f:\visual\projekt3\projekt3\x64\debug\projekt3.tlog\link.read.1.tlog
f:\visual\projekt3\projekt3\x64\debug\projekt3.tlog\link.write.1.tlog
f:\visual\projekt3\projekt3\x64\debug\projekt3.tlog\projekt3.write.1u.tlog
